<?xml version="1.0" encoding="UTF-8"?>
<!-- Generated by org.testng.reporters.JUnitXMLReporter -->
<testsuite ignored="1" hostname="Macbook-Pro.local" failures="0" tests="23" name="Surefire test" time="0.092" errors="0" timestamp="2023-05-02T21:34:26 EDT">
  <testcase classname="org.example.basetest.BaseTest" name="@BeforeMethod startUp" time="-1.683077666311E9">
    <failure type="org.testng.TestNGException" message="
Parameter &amp;apos;browser&amp;apos; is required by BeforeMethod on method startUp but has not been marked @Optional or defined
">
      <![CDATA[org.testng.TestNGException: 
Parameter 'browser' is required by BeforeMethod on method startUp but has not been marked @Optional or defined

at java.base/java.util.ArrayList.forEach(ArrayList.java:1511)
... Removed 33 stack frames]]>
    </failure>
  </testcase> <!-- @BeforeMethod startUp -->
  <testcase classname="org.example.basetest.BaseTest" name="@AfterMethod tearDown" time="0.0">
    <skipped/>
  </testcase> <!-- @AfterMethod tearDown -->
  <testcase classname="org.example.basetest.BaseTest" name="@BeforeMethod startUp" time="0.0">
    <skipped/>
  </testcase> <!-- @BeforeMethod startUp -->
  <testcase classname="org.example.basetest.BaseTest" name="@AfterMethod tearDown" time="0.0">
    <skipped/>
  </testcase> <!-- @AfterMethod tearDown -->
  <testcase classname="org.example.basetest.BaseTest" name="@BeforeMethod startUp" time="0.0">
    <skipped/>
  </testcase> <!-- @BeforeMethod startUp -->
  <testcase classname="org.example.basetest.BaseTest" name="@AfterMethod tearDown" time="0.0">
    <skipped/>
  </testcase> <!-- @AfterMethod tearDown -->
  <testcase classname="org.example.basetest.BaseTest" name="@BeforeMethod startUp" time="0.0">
    <skipped/>
  </testcase> <!-- @BeforeMethod startUp -->
  <testcase classname="org.example.basetest.BaseTest" name="@AfterMethod tearDown" time="0.0">
    <skipped/>
  </testcase> <!-- @AfterMethod tearDown -->
  <testcase classname="org.example.basetest.BaseTest" name="@BeforeMethod startUp" time="0.0">
    <skipped/>
  </testcase> <!-- @BeforeMethod startUp -->
  <testcase classname="org.example.basetest.BaseTest" name="@AfterMethod tearDown" time="0.0">
    <skipped/>
  </testcase> <!-- @AfterMethod tearDown -->
  <testcase classname="org.example.basetest.BaseTest" name="@BeforeMethod startUp" time="0.0">
    <skipped/>
  </testcase> <!-- @BeforeMethod startUp -->
  <testcase classname="org.example.basetest.BaseTest" name="@AfterMethod tearDown" time="0.0">
    <skipped/>
  </testcase> <!-- @AfterMethod tearDown -->
  <testcase classname="org.example.basetest.BaseTest" name="@BeforeMethod startUp" time="0.0">
    <skipped/>
  </testcase> <!-- @BeforeMethod startUp -->
  <testcase classname="org.example.basetest.BaseTest" name="@AfterMethod tearDown" time="0.0">
    <skipped/>
  </testcase> <!-- @AfterMethod tearDown -->
  <testcase classname="org.example.basetest.BaseTest" name="@BeforeMethod startUp" time="0.0">
    <skipped/>
  </testcase> <!-- @BeforeMethod startUp -->
  <testcase classname="org.example.basetest.BaseTest" name="@AfterMethod tearDown" time="0.0">
    <skipped/>
  </testcase> <!-- @AfterMethod tearDown -->
  <testcase classname="org.example.basetest.BaseTest" name="@BeforeMethod startUp" time="0.0">
    <skipped/>
  </testcase> <!-- @BeforeMethod startUp -->
  <testcase classname="org.example.basetest.BaseTest" name="@AfterMethod tearDown" time="0.0">
    <skipped/>
  </testcase> <!-- @AfterMethod tearDown -->
  <testcase classname="org.example.basetest.BaseTest" name="@BeforeMethod startUp" time="0.0">
    <skipped/>
  </testcase> <!-- @BeforeMethod startUp -->
  <testcase classname="org.example.basetest.BaseTest" name="@AfterMethod tearDown" time="0.0">
    <skipped/>
  </testcase> <!-- @AfterMethod tearDown -->
  <testcase classname="org.example.basetest.BaseTest" name="@BeforeMethod startUp" time="0.0">
    <skipped/>
  </testcase> <!-- @BeforeMethod startUp -->
  <testcase classname="org.example.basetest.BaseTest" name="@AfterMethod tearDown" time="0.0">
    <skipped/>
  </testcase> <!-- @AfterMethod tearDown -->
  <testcase classname="org.example.basetest.BaseTest" name="@BeforeMethod startUp" time="0.0">
    <skipped/>
  </testcase> <!-- @BeforeMethod startUp -->
  <testcase classname="org.example.basetest.BaseTest" name="@AfterMethod tearDown" time="0.0">
    <skipped/>
  </testcase> <!-- @AfterMethod tearDown -->
  <testcase classname="org.example.basetest.BaseTest" name="@BeforeMethod startUp" time="0.0">
    <skipped/>
  </testcase> <!-- @BeforeMethod startUp -->
  <testcase classname="org.example.basetest.BaseTest" name="@AfterMethod tearDown" time="0.0">
    <skipped/>
  </testcase> <!-- @AfterMethod tearDown -->
  <testcase classname="org.example.basetest.BaseTest" name="@BeforeMethod startUp" time="0.0">
    <skipped/>
  </testcase> <!-- @BeforeMethod startUp -->
  <testcase classname="org.example.basetest.BaseTest" name="@AfterMethod tearDown" time="0.0">
    <skipped/>
  </testcase> <!-- @AfterMethod tearDown -->
  <testcase classname="org.example.basetest.BaseTest" name="@BeforeMethod startUp" time="0.0">
    <skipped/>
  </testcase> <!-- @BeforeMethod startUp -->
  <testcase classname="org.example.basetest.BaseTest" name="@AfterMethod tearDown" time="0.0">
    <skipped/>
  </testcase> <!-- @AfterMethod tearDown -->
  <testcase classname="org.example.basetest.BaseTest" name="@BeforeMethod startUp" time="0.0">
    <skipped/>
  </testcase> <!-- @BeforeMethod startUp -->
  <testcase classname="org.example.basetest.BaseTest" name="@AfterMethod tearDown" time="0.0">
    <skipped/>
  </testcase> <!-- @AfterMethod tearDown -->
  <testcase classname="org.example.basetest.BaseTest" name="@BeforeMethod startUp" time="0.0">
    <skipped/>
  </testcase> <!-- @BeforeMethod startUp -->
  <testcase classname="org.example.basetest.BaseTest" name="@AfterMethod tearDown" time="0.0">
    <skipped/>
  </testcase> <!-- @AfterMethod tearDown -->
  <testcase classname="org.example.basetest.BaseTest" name="@BeforeMethod startUp" time="0.0">
    <skipped/>
  </testcase> <!-- @BeforeMethod startUp -->
  <testcase classname="org.example.basetest.BaseTest" name="@AfterMethod tearDown" time="0.0">
    <skipped/>
  </testcase> <!-- @AfterMethod tearDown -->
  <testcase classname="org.example.basetest.BaseTest" name="@BeforeMethod startUp" time="0.0">
    <skipped/>
  </testcase> <!-- @BeforeMethod startUp -->
  <testcase classname="org.example.basetest.BaseTest" name="@AfterMethod tearDown" time="0.0">
    <skipped/>
  </testcase> <!-- @AfterMethod tearDown -->
  <testcase classname="org.example.basetest.BaseTest" name="@BeforeMethod startUp" time="0.0">
    <skipped/>
  </testcase> <!-- @BeforeMethod startUp -->
  <testcase classname="org.example.basetest.BaseTest" name="@AfterMethod tearDown" time="0.0">
    <skipped/>
  </testcase> <!-- @AfterMethod tearDown -->
  <testcase classname="org.example.basetest.BaseTest" name="@BeforeMethod startUp" time="0.0">
    <skipped/>
  </testcase> <!-- @BeforeMethod startUp -->
  <testcase classname="org.example.basetest.BaseTest" name="@AfterMethod tearDown" time="0.0">
    <skipped/>
  </testcase> <!-- @AfterMethod tearDown -->
  <testcase classname="org.example.basetest.BaseTest" name="@BeforeMethod startUp" time="0.0">
    <skipped/>
  </testcase> <!-- @BeforeMethod startUp -->
  <testcase classname="org.example.basetest.BaseTest" name="@AfterMethod tearDown" time="0.0">
    <skipped/>
  </testcase> <!-- @AfterMethod tearDown -->
  <testcase classname="org.example.basetest.BaseTest" name="@BeforeMethod startUp" time="0.0">
    <skipped/>
  </testcase> <!-- @BeforeMethod startUp -->
  <testcase classname="org.example.basetest.BaseTest" name="@AfterMethod tearDown" time="0.0">
    <skipped/>
  </testcase> <!-- @AfterMethod tearDown -->
  <testcase classname="org.example.tests.NewsPageTest" name="validateTitlePage" time="0.0">
    <skipped/>
  </testcase> <!-- validateTitlePage -->
  <testcase classname="org.example.tests.NewsPageTest" name="topNewsList" time="0.0">
    <skipped/>
  </testcase> <!-- topNewsList -->
  <testcase classname="org.example.tests.NewsPageTest" name="handleNewTab" time="0.0">
    <skipped/>
  </testcase> <!-- handleNewTab -->
  <testcase classname="org.example.tests.NewsPageTest" name="dropDownMenu" time="0.0">
    <skipped/>
  </testcase> <!-- dropDownMenu -->
  <testcase classname="org.example.tests.NewsPageTest" name="dropDownMenuCertainOption" time="0.0">
    <skipped/>
  </testcase> <!-- dropDownMenuCertainOption -->
  <testcase classname="org.example.tests.NewsPageTest" name="sendTextWithOutSendMethod" time="0.0">
    <skipped/>
  </testcase> <!-- sendTextWithOutSendMethod -->
  <testcase classname="org.example.tests.NewsPageTest" name="highLightWebElement" time="0.0">
    <skipped/>
  </testcase> <!-- highLightWebElement -->
  <testcase classname="org.example.tests.NewsPageTest" name="loginActionsClick" time="0.0">
    <skipped/>
  </testcase> <!-- loginActionsClick -->
  <testcase classname="org.example.tests.NewsPageTest" name="loginSetGetCookies" time="0.0">
    <skipped/>
  </testcase> <!-- loginSetGetCookies -->
  <testcase classname="org.example.tests.NewsPageTest" name="stringBuffer" time="0.0">
    <skipped/>
  </testcase> <!-- stringBuffer -->
  <testcase classname="org.example.tests.NewsPageTest" name="disabledImages" time="0.0">
    <skipped/>
  </testcase> <!-- disabledImages -->
  <testcase classname="org.example.tests.NewsPageTest" name="dragAndDropClickHoldRelease" time="0.0">
    <skipped/>
  </testcase> <!-- dragAndDropClickHoldRelease -->
  <testcase classname="org.example.tests.NewsPageTest" name="dragAndDrop" time="0.0">
    <skipped/>
  </testcase> <!-- dragAndDrop -->
  <testcase classname="org.example.tests.NewsPageTest" name="dropDownLoop" time="0.0">
    <skipped/>
  </testcase> <!-- dropDownLoop -->
  <testcase classname="org.example.tests.NewsPageTest" name="dropDownSelectOption" time="0.0">
    <skipped/>
  </testcase> <!-- dropDownSelectOption -->
  <testcase classname="org.example.tests.NewsPageTest" name="mouseHoverTest" time="0.0">
    <skipped/>
  </testcase> <!-- mouseHoverTest -->
  <testcase classname="org.example.tests.NewsPageTest" name="handleJSAlertTest" time="0.0">
    <skipped/>
  </testcase> <!-- handleJSAlertTest -->
  <testcase classname="org.example.tests.NewsPageTest" name="handleScrollUpDown" time="0.0">
    <skipped/>
  </testcase> <!-- handleScrollUpDown -->
  <testcase classname="org.example.tests.NewsPageTest" name="doKeyboardAction" time="0.0">
    <skipped/>
  </testcase> <!-- doKeyboardAction -->
  <testcase classname="org.example.tests.NewsPageTest" name="doSauceDemo" time="0.0">
    <skipped/>
  </testcase> <!-- doSauceDemo -->
  <testcase classname="org.example.tests.NewsPageTest" name="generateExceptions" time="0.0">
    <skipped/>
  </testcase> <!-- generateExceptions -->
  <testcase classname="org.example.tests.NewsPageTest" name="findBrokenLinks" time="0.0">
    <skipped/>
  </testcase> <!-- findBrokenLinks -->
  <testcase classname="org.example.tests.NewsPageTest" name="findBrokenImages" time="0.0">
    <skipped/>
  </testcase> <!-- findBrokenImages -->
  <testcase classname="org.example.basetest.BaseTest" name="@BeforeSuite readProperties" time="0.0">
    <ignored/>
  </testcase> <!-- @BeforeSuite readProperties -->
</testsuite> <!-- Surefire test -->
